app/build/intermediates/manifest_merge_blame_file/debug/manifest-merger-blame-debug-report.txt
1<?xml version="1.0" encoding="utf-8"?>
2<!--
3    ~ Copyright 2022 The TensorFlow Authors. All Rights Reserved.
4    ~
5    ~ Licensed under the Apache License, Version 2.0 (the "License");
6    ~ you may not use this file except in compliance with the License.
7    ~ You may obtain a copy of the License at
8    ~
9    ~       http://www.apache.org/licenses/LICENSE-2.0
10    ~
11    ~ Unless required by applicable law or agreed to in writing, software
12    ~ distributed under the License is distributed on an "AS IS" BASIS,
13    ~ WITHOUT WARRANTIES OR CONDITIONS OF ANY KIND, either express or implied.
14    ~ See the License for the specific language governing permissions and
15    ~ limitations under the License.
16-->
17<manifest xmlns:android="http://schemas.android.com/apk/res/android"
18    xmlns:dist="http://schemas.android.com/apk/distribution"
19    package="org.tensorflow.lite.examples.objectdetection"
20    android:versionCode="1"
21    android:versionName="1.0.0" >
22
23    <uses-sdk
24        android:minSdkVersion="21"
24-->src\main\AndroidManifest.xml
25        android:targetSdkVersion="32" />
25-->src\main\AndroidManifest.xml
26
27    <!-- Enable instant app support -->
28    <dist:module dist:instant="true" />
28-->src\main\AndroidManifest.xml:24:5-40
28-->src\main\AndroidManifest.xml:24:18-37
29
30    <!-- Declare features -->
31    <uses-feature android:name="android.hardware.camera" />
31-->src\main\AndroidManifest.xml:27:5-60
31-->src\main\AndroidManifest.xml:27:19-57
32
33    <!-- Declare permissions -->
34    <uses-permission android:name="android.permission.ACCESS_FINE_LOCATION" />
34-->src\main\AndroidManifest.xml:30:5-79
34-->src\main\AndroidManifest.xml:30:22-76
35    <uses-permission android:name="android.permission.CAMERA" />
35-->src\main\AndroidManifest.xml:31:5-65
35-->src\main\AndroidManifest.xml:31:22-62
36
37    <!-- Required permission for App measurement to run. -->
38    <uses-permission android:name="android.permission.INTERNET" />
38-->[com.google.android.gms:play-services-measurement:21.2.2] AndroidManifest.xml:23:5-67
38-->[com.google.android.gms:play-services-measurement:21.2.2] AndroidManifest.xml:23:22-64
39    <uses-permission android:name="android.permission.ACCESS_NETWORK_STATE" />
39-->[com.google.android.gms:play-services-measurement:21.2.2] AndroidManifest.xml:24:5-79
39-->[com.google.android.gms:play-services-measurement:21.2.2] AndroidManifest.xml:24:22-76
40    <uses-permission android:name="android.permission.WAKE_LOCK" />
40-->[com.google.android.gms:play-services-measurement:21.2.2] AndroidManifest.xml:25:5-68
40-->[com.google.android.gms:play-services-measurement:21.2.2] AndroidManifest.xml:25:22-65
41    <uses-permission android:name="com.google.android.finsky.permission.BIND_GET_INSTALL_REFERRER_SERVICE" />
41-->[com.google.android.gms:play-services-measurement:21.2.2] AndroidManifest.xml:26:5-110
41-->[com.google.android.gms:play-services-measurement:21.2.2] AndroidManifest.xml:26:22-107
42    <uses-permission android:name="com.google.android.gms.permission.AD_ID" />
42-->[com.google.android.gms:play-services-measurement-impl:21.2.2] AndroidManifest.xml:27:5-79
42-->[com.google.android.gms:play-services-measurement-impl:21.2.2] AndroidManifest.xml:27:22-76
43    <uses-permission android:name="android.permission.WRITE_EXTERNAL_STORAGE" />
44    <uses-permission android:name="android.permission.READ_PHONE_STATE" />
45    <uses-permission android:name="android.permission.READ_EXTERNAL_STORAGE" />
46
47    <application
47-->src\main\AndroidManifest.xml:33:5-86:19
48        android:allowBackup="true"
48-->src\main\AndroidManifest.xml:37:9-35
49        android:appComponentFactory="androidx.core.app.CoreComponentFactory"
49-->[androidx.core:core:1.6.0] AndroidManifest.xml:24:18-86
50        android:debuggable="true"
51        android:icon="@mipmap/ic_eyesee_icon"
51-->src\main\AndroidManifest.xml:34:9-46
52        android:label="@string/app_name"
52-->src\main\AndroidManifest.xml:36:9-41
53        android:roundIcon="@mipmap/ic_eyesee_icon_round"
53-->src\main\AndroidManifest.xml:35:9-57
54        android:taskAffinity=""
54-->src\main\AndroidManifest.xml:38:9-32
55        android:testOnly="true" >
56        <activity
56-->src\main\AndroidManifest.xml:41:9-61:20
57            android:name="org.tensorflow.lite.examples.objectdetection.MainActivity"
57-->src\main\AndroidManifest.xml:42:13-41
58            android:clearTaskOnLaunch="true"
58-->src\main\AndroidManifest.xml:43:13-45
59            android:configChanges="orientation|screenLayout|screenSize|smallestScreenSize"
59-->src\main\AndroidManifest.xml:48:13-91
60            android:exported="true"
60-->src\main\AndroidManifest.xml:45:13-36
61            android:resizeableActivity="true"
61-->src\main\AndroidManifest.xml:47:13-46
62            android:rotationAnimation="seamless"
62-->src\main\AndroidManifest.xml:46:13-49
63            android:theme="@style/AppTheme" >
63-->src\main\AndroidManifest.xml:44:13-44
64
65            <!-- Main app intent filter -->
66            <!-- <intent-filter> -->
67            <!-- <action android:name="android.intent.action.MAIN" /> -->
68            <!-- <category android:name="android.intent.category.LAUNCHER" /> -->
69            <!-- <action android:name="android.intent.action.TTS_SERVICE" /> -->
70            <!-- </intent-filter> -->
71
72
73            <!-- Declare notch support -->
74            <meta-data
74-->src\main\AndroidManifest.xml:59:13-83
75                android:name="android.notch_support"
75-->src\main\AndroidManifest.xml:59:24-60
76                android:value="true" />
76-->src\main\AndroidManifest.xml:59:61-81
77        </activity>
78        <activity
78-->src\main\AndroidManifest.xml:62:9-70:20
79            android:name="org.tensorflow.lite.examples.objectdetection.IntroActivity"
79-->src\main\AndroidManifest.xml:63:13-42
80            android:exported="true"
80-->src\main\AndroidManifest.xml:64:13-36
81            android:theme="@style/AppTheme" >
81-->src\main\AndroidManifest.xml:65:13-44
82            <intent-filter>
82-->src\main\AndroidManifest.xml:66:13-69:29
83                <action android:name="android.intent.action.MAIN" />
83-->src\main\AndroidManifest.xml:67:17-69
83-->src\main\AndroidManifest.xml:67:25-66
84
85                <category android:name="android.intent.category.LAUNCHER" />
85-->src\main\AndroidManifest.xml:68:17-77
85-->src\main\AndroidManifest.xml:68:27-74
86            </intent-filter>
87        </activity>
88        <activity
88-->src\main\AndroidManifest.xml:72:9-77:20
89            android:name="org.tensorflow.lite.examples.objectdetection.MenuActivity"
89-->src\main\AndroidManifest.xml:73:13-41
90            android:screenOrientation="portrait"
90-->src\main\AndroidManifest.xml:75:13-49
91            android:theme="@style/AppTheme" >
91-->src\main\AndroidManifest.xml:74:13-44
92        </activity>
93        <activity
93-->src\main\AndroidManifest.xml:79:9-84:20
94            android:name="org.tensorflow.lite.examples.objectdetection.HowToUseActivity"
94-->src\main\AndroidManifest.xml:80:13-45
95            android:screenOrientation="portrait"
95-->src\main\AndroidManifest.xml:82:13-49
96            android:theme="@style/AppTheme" >
96-->src\main\AndroidManifest.xml:81:13-44
97        </activity>
98
99        <uses-library
99-->[androidx.window:window:1.0.0-alpha09] AndroidManifest.xml:25:9-27:40
100            android:name="androidx.window.extensions"
100-->[androidx.window:window:1.0.0-alpha09] AndroidManifest.xml:26:13-54
101            android:required="false" />
101-->[androidx.window:window:1.0.0-alpha09] AndroidManifest.xml:27:13-37
102        <uses-library
102-->[androidx.window:window:1.0.0-alpha09] AndroidManifest.xml:28:9-30:40
103            android:name="androidx.window.sidecar"
103-->[androidx.window:window:1.0.0-alpha09] AndroidManifest.xml:29:13-51
104            android:required="false" />
104-->[androidx.window:window:1.0.0-alpha09] AndroidManifest.xml:30:13-37
105
106        <receiver
106-->[com.google.android.gms:play-services-measurement:21.2.2] AndroidManifest.xml:29:9-33:20
107            android:name="com.google.android.gms.measurement.AppMeasurementReceiver"
107-->[com.google.android.gms:play-services-measurement:21.2.2] AndroidManifest.xml:30:13-85
108            android:enabled="true"
108-->[com.google.android.gms:play-services-measurement:21.2.2] AndroidManifest.xml:31:13-35
109            android:exported="false" >
109-->[com.google.android.gms:play-services-measurement:21.2.2] AndroidManifest.xml:32:13-37
110        </receiver>
111
112        <service
112-->[com.google.android.gms:play-services-measurement:21.2.2] AndroidManifest.xml:35:9-38:40
113            android:name="com.google.android.gms.measurement.AppMeasurementService"
113-->[com.google.android.gms:play-services-measurement:21.2.2] AndroidManifest.xml:36:13-84
114            android:enabled="true"
114-->[com.google.android.gms:play-services-measurement:21.2.2] AndroidManifest.xml:37:13-35
115            android:exported="false" />
115-->[com.google.android.gms:play-services-measurement:21.2.2] AndroidManifest.xml:38:13-37
116        <service
116-->[com.google.android.gms:play-services-measurement:21.2.2] AndroidManifest.xml:39:9-43:72
117            android:name="com.google.android.gms.measurement.AppMeasurementJobService"
117-->[com.google.android.gms:play-services-measurement:21.2.2] AndroidManifest.xml:40:13-87
118            android:enabled="true"
118-->[com.google.android.gms:play-services-measurement:21.2.2] AndroidManifest.xml:41:13-35
119            android:exported="false"
119-->[com.google.android.gms:play-services-measurement:21.2.2] AndroidManifest.xml:42:13-37
120            android:permission="android.permission.BIND_JOB_SERVICE" />
120-->[com.google.android.gms:play-services-measurement:21.2.2] AndroidManifest.xml:43:13-69
121        <service
121-->[androidx.camera:camera-camera2:1.1.0-beta03] AndroidManifest.xml:26:9-35:19
122            android:name="androidx.camera.core.impl.MetadataHolderService"
122-->[androidx.camera:camera-camera2:1.1.0-beta03] AndroidManifest.xml:27:13-75
123            android:enabled="false"
123-->[androidx.camera:camera-camera2:1.1.0-beta03] AndroidManifest.xml:28:13-36
124            android:exported="false" >
124-->[androidx.camera:camera-camera2:1.1.0-beta03] AndroidManifest.xml:29:13-37
125            <meta-data
125-->[androidx.camera:camera-camera2:1.1.0-beta03] AndroidManifest.xml:32:13-34:89
126                android:name="androidx.camera.core.impl.MetadataHolderService.DEFAULT_CONFIG_PROVIDER"
126-->[androidx.camera:camera-camera2:1.1.0-beta03] AndroidManifest.xml:33:17-103
127                android:value="androidx.camera.camera2.Camera2Config$DefaultProvider" />
127-->[androidx.camera:camera-camera2:1.1.0-beta03] AndroidManifest.xml:34:17-86
128        </service>
129        <service
129-->[com.google.firebase:firebase-database:20.2.1] AndroidManifest.xml:28:9-34:19
130            android:name="com.google.firebase.components.ComponentDiscoveryService"
130-->[com.google.firebase:firebase-database:20.2.1] AndroidManifest.xml:29:13-84
131            android:directBootAware="true"
131-->[com.google.firebase:firebase-common:20.3.2] AndroidManifest.xml:34:13-43
132            android:exported="false" >
132-->[com.google.firebase:firebase-database:20.2.1] AndroidManifest.xml:30:13-37
133            <meta-data
133-->[com.google.firebase:firebase-database:20.2.1] AndroidManifest.xml:31:13-33:85
134                android:name="com.google.firebase.components:com.google.firebase.database.DatabaseRegistrar"
134-->[com.google.firebase:firebase-database:20.2.1] AndroidManifest.xml:32:17-109
135                android:value="com.google.firebase.components.ComponentRegistrar" />
135-->[com.google.firebase:firebase-database:20.2.1] AndroidManifest.xml:33:17-82
136            <meta-data
136-->[com.google.android.gms:play-services-measurement-api:21.2.2] AndroidManifest.xml:31:13-33:85
137                android:name="com.google.firebase.components:com.google.firebase.analytics.connector.internal.AnalyticsConnectorRegistrar"
137-->[com.google.android.gms:play-services-measurement-api:21.2.2] AndroidManifest.xml:32:17-139
138                android:value="com.google.firebase.components.ComponentRegistrar" />
138-->[com.google.android.gms:play-services-measurement-api:21.2.2] AndroidManifest.xml:33:17-82
139            <meta-data
139-->[com.google.firebase:firebase-installations:17.1.3] AndroidManifest.xml:17:13-19:85
140                android:name="com.google.firebase.components:com.google.firebase.installations.FirebaseInstallationsRegistrar"
140-->[com.google.firebase:firebase-installations:17.1.3] AndroidManifest.xml:18:17-127
141                android:value="com.google.firebase.components.ComponentRegistrar" />
141-->[com.google.firebase:firebase-installations:17.1.3] AndroidManifest.xml:19:17-82
142        </service>
143
144        <provider
144-->[com.google.firebase:firebase-common:20.3.2] AndroidManifest.xml:25:9-30:39
145            android:name="com.google.firebase.provider.FirebaseInitProvider"
145-->[com.google.firebase:firebase-common:20.3.2] AndroidManifest.xml:26:13-77
146            android:authorities="org.tensorflow.lite.examples.objectdetection.firebaseinitprovider"
146-->[com.google.firebase:firebase-common:20.3.2] AndroidManifest.xml:27:13-72
147            android:directBootAware="true"
147-->[com.google.firebase:firebase-common:20.3.2] AndroidManifest.xml:28:13-43
148            android:exported="false"
148-->[com.google.firebase:firebase-common:20.3.2] AndroidManifest.xml:29:13-37
149            android:initOrder="100" />
149-->[com.google.firebase:firebase-common:20.3.2] AndroidManifest.xml:30:13-36
150
151        <activity
151-->[com.google.android.gms:play-services-base:18.1.0] AndroidManifest.xml:20:9-22:45
152            android:name="com.google.android.gms.common.api.GoogleApiActivity"
152-->[com.google.android.gms:play-services-base:18.1.0] AndroidManifest.xml:20:19-85
153            android:exported="false"
153-->[com.google.android.gms:play-services-base:18.1.0] AndroidManifest.xml:22:19-43
154            android:theme="@android:style/Theme.Translucent.NoTitleBar" />
154-->[com.google.android.gms:play-services-base:18.1.0] AndroidManifest.xml:21:19-78
155
156        <meta-data
156-->[com.google.android.gms:play-services-basement:18.1.0] AndroidManifest.xml:21:9-23:69
157            android:name="com.google.android.gms.version"
157-->[com.google.android.gms:play-services-basement:18.1.0] AndroidManifest.xml:22:13-58
158            android:value="@integer/google_play_services_version" />
158-->[com.google.android.gms:play-services-basement:18.1.0] AndroidManifest.xml:23:13-66
159
160        <provider
160-->[androidx.lifecycle:lifecycle-process:2.2.0] AndroidManifest.xml:25:9-29:43
161            android:name="androidx.lifecycle.ProcessLifecycleOwnerInitializer"
161-->[androidx.lifecycle:lifecycle-process:2.2.0] AndroidManifest.xml:26:13-79
162            android:authorities="org.tensorflow.lite.examples.objectdetection.lifecycle-process"
162-->[androidx.lifecycle:lifecycle-process:2.2.0] AndroidManifest.xml:27:13-69
163            android:exported="false"
163-->[androidx.lifecycle:lifecycle-process:2.2.0] AndroidManifest.xml:28:13-37
164            android:multiprocess="true" />
164-->[androidx.lifecycle:lifecycle-process:2.2.0] AndroidManifest.xml:29:13-40
165    </application>
166
167</manifest>